This is pdfTeX, Version 3.141592653-2.6-1.40.24 (TeX Live 2022/Debian) (preloaded format=pdflatex 2023.9.21)  26 SEP 2024 17:55
entering extended mode
 restricted \write18 enabled.
 %&-line parsing enabled.
**main.tex
(./main.tex
LaTeX2e <2022-11-01> patch level 1
L3 programming layer <2023-01-16>
(/usr/share/texlive/texmf-dist/tex/latex/base/book.cls
Document Class: book 2022/07/02 v1.4n Standard LaTeX document class
(/usr/share/texlive/texmf-dist/tex/latex/base/bk10.clo
File: bk10.clo 2022/07/02 v1.4n Standard LaTeX file (size option)
)
\c@part=\count185
\c@chapter=\count186
\c@section=\count187
\c@subsection=\count188
\c@subsubsection=\count189
\c@paragraph=\count190
\c@subparagraph=\count191
\c@figure=\count192
\c@table=\count193
\abovecaptionskip=\skip48
\belowcaptionskip=\skip49
\bibindent=\dimen140
)
(/usr/share/texlive/texmf-dist/tex/latex/amsfonts/amsfonts.sty
Package: amsfonts 2013/01/14 v3.01 Basic AMSFonts support
\@emptytoks=\toks16
\symAMSa=\mathgroup4
\symAMSb=\mathgroup5
LaTeX Font Info:    Redeclaring math symbol \hbar on input line 98.
LaTeX Font Info:    Overwriting math alphabet `\mathfrak' in version `bold'
(Font)                  U/euf/m/n --> U/euf/b/n on input line 106.
)
(/usr/share/texlive/texmf-dist/tex/latex/amsmath/amsmath.sty
Package: amsmath 2022/04/08 v2.17n AMS math features
\@mathmargin=\skip50

For additional information on amsmath, use the `?' option.
(/usr/share/texlive/texmf-dist/tex/latex/amsmath/amstext.sty
Package: amstext 2021/08/26 v2.01 AMS text

(/usr/share/texlive/texmf-dist/tex/latex/amsmath/amsgen.sty
File: amsgen.sty 1999/11/30 v2.0 generic functions
\@emptytoks=\toks17
\ex@=\dimen141
))
(/usr/share/texlive/texmf-dist/tex/latex/amsmath/amsbsy.sty
Package: amsbsy 1999/11/29 v1.2d Bold Symbols
\pmbraise@=\dimen142
)
(/usr/share/texlive/texmf-dist/tex/latex/amsmath/amsopn.sty
Package: amsopn 2022/04/08 v2.04 operator names
)
\inf@bad=\count194
LaTeX Info: Redefining \frac on input line 234.
\uproot@=\count195
\leftroot@=\count196
LaTeX Info: Redefining \overline on input line 399.
LaTeX Info: Redefining \colon on input line 410.
\classnum@=\count197
\DOTSCASE@=\count198
LaTeX Info: Redefining \ldots on input line 496.
LaTeX Info: Redefining \dots on input line 499.
LaTeX Info: Redefining \cdots on input line 620.
\Mathstrutbox@=\box51
\strutbox@=\box52
LaTeX Info: Redefining \big on input line 722.
LaTeX Info: Redefining \Big on input line 723.
LaTeX Info: Redefining \bigg on input line 724.
LaTeX Info: Redefining \Bigg on input line 725.
\big@size=\dimen143
LaTeX Font Info:    Redeclaring font encoding OML on input line 743.
LaTeX Font Info:    Redeclaring font encoding OMS on input line 744.
\macc@depth=\count199
LaTeX Info: Redefining \bmod on input line 905.
LaTeX Info: Redefining \pmod on input line 910.
LaTeX Info: Redefining \smash on input line 940.
LaTeX Info: Redefining \relbar on input line 970.
LaTeX Info: Redefining \Relbar on input line 971.
\c@MaxMatrixCols=\count266
\dotsspace@=\muskip16
\c@parentequation=\count267
\dspbrk@lvl=\count268
\tag@help=\toks18
\row@=\count269
\column@=\count270
\maxfields@=\count271
\andhelp@=\toks19
\eqnshift@=\dimen144
\alignsep@=\dimen145
\tagshift@=\dimen146
\tagwidth@=\dimen147
\totwidth@=\dimen148
\lineht@=\dimen149
\@envbody=\toks20
\multlinegap=\skip51
\multlinetaggap=\skip52
\mathdisplay@stack=\toks21
LaTeX Info: Redefining \[ on input line 2953.
LaTeX Info: Redefining \] on input line 2954.
)
(/usr/share/texlive/texmf-dist/tex/latex/amsfonts/amssymb.sty
Package: amssymb 2013/01/14 v3.01 AMS font symbols
)
(/usr/share/texlive/texmf-dist/tex/latex/jknapltx/mathrsfs.sty
Package: mathrsfs 1996/01/01 Math RSFS package v1.0 (jk)
\symrsfs=\mathgroup6
)
(/usr/share/texlive/texmf-dist/tex/latex/geometry/geometry.sty
Package: geometry 2020/01/02 v5.9 Page Geometry

(/usr/share/texlive/texmf-dist/tex/latex/graphics/keyval.sty
Package: keyval 2022/05/29 v1.15 key=value parser (DPC)
\KV@toks@=\toks22
)
(/usr/share/texlive/texmf-dist/tex/generic/iftex/ifvtex.sty
Package: ifvtex 2019/10/25 v1.7 ifvtex legacy package. Use iftex instead.

(/usr/share/texlive/texmf-dist/tex/generic/iftex/iftex.sty
Package: iftex 2022/02/03 v1.0f TeX engine tests
))
\Gm@cnth=\count272
\Gm@cntv=\count273
\c@Gm@tempcnt=\count274
\Gm@bindingoffset=\dimen150
\Gm@wd@mp=\dimen151
\Gm@odd@mp=\dimen152
\Gm@even@mp=\dimen153
\Gm@layoutwidth=\dimen154
\Gm@layoutheight=\dimen155
\Gm@layouthoffset=\dimen156
\Gm@layoutvoffset=\dimen157
\Gm@dimlist=\toks23
)
(/usr/share/texlive/texmf-dist/tex/latex/graphics/graphics.sty
Package: graphics 2022/03/10 v1.4e Standard LaTeX Graphics (DPC,SPQR)

(/usr/share/texlive/texmf-dist/tex/latex/graphics/trig.sty
Package: trig 2021/08/11 v1.11 sin cos tan (DPC)
)
(/usr/share/texlive/texmf-dist/tex/latex/graphics-cfg/graphics.cfg
File: graphics.cfg 2016/06/04 v1.11 sample graphics configuration
)
Package graphics Info: Driver file: pdftex.def on input line 107.

(/usr/share/texlive/texmf-dist/tex/latex/graphics-def/pdftex.def
File: pdftex.def 2022/09/22 v1.2b Graphics/color driver for pdftex
))
(/usr/share/texlive/texmf-dist/tex/latex/graphics/graphicx.sty
Package: graphicx 2021/09/16 v1.2d Enhanced LaTeX Graphics (DPC,SPQR)
\Gin@req@height=\dimen158
\Gin@req@width=\dimen159
)
(/usr/share/texlive/texmf-dist/tex/latex/pstricks/pstricks.sty
Package: pstricks 2022/19/23 v0.72 LaTeX wrapper for `PSTricks' (RN,HV)

(/usr/share/texlive/texmf-dist/tex/latex/xcolor/xcolor.sty
Package: xcolor 2022/06/12 v2.14 LaTeX color extensions (UK)

(/usr/share/texlive/texmf-dist/tex/latex/graphics-cfg/color.cfg
File: color.cfg 2016/01/02 v1.6 sample color configuration
)
Package xcolor Info: Driver file: pdftex.def on input line 227.

(/usr/share/texlive/texmf-dist/tex/latex/graphics/mathcolor.ltx)
Package xcolor Info: Model `cmy' substituted by `cmy0' on input line 1353.
Package xcolor Info: Model `hsb' substituted by `rgb' on input line 1357.
Package xcolor Info: Model `RGB' extended on input line 1369.
Package xcolor Info: Model `HTML' substituted by `rgb' on input line 1371.
Package xcolor Info: Model `Hsb' substituted by `hsb' on input line 1372.
Package xcolor Info: Model `tHsb' substituted by `hsb' on input line 1373.
Package xcolor Info: Model `HSB' substituted by `hsb' on input line 1374.
Package xcolor Info: Model `Gray' substituted by `gray' on input line 1375.
Package xcolor Info: Model `wave' substituted by `hsb' on input line 1376.
)
(/usr/share/texlive/texmf-dist/tex/generic/xkeyval/pst-xkey.tex
File: pst-xkey.tex 2005/11/25 v1.6 PSTricks specialization of xkeyval (HA)

(/usr/share/texlive/texmf-dist/tex/latex/xkeyval/xkeyval.sty
Package: xkeyval 2022/06/16 v2.9 package option processing (HA)

(/usr/share/texlive/texmf-dist/tex/generic/xkeyval/xkeyval.tex
(/usr/share/texlive/texmf-dist/tex/generic/xkeyval/xkvutils.tex
\XKV@toks=\toks24
\XKV@tempa@toks=\toks25
)
\XKV@depth=\count275
File: xkeyval.tex 2014/12/03 v2.7a key=value parser (HA)
)))
(/usr/share/texlive/texmf-dist/tex/generic/pstricks/pstricks.tex
(/usr/share/texlive/texmf-dist/tex/generic/pstricks/pst-fp.tex
`pst-fp' v0.06, 2020/11/20 (hv)
\pstFP@xs=\count276
\pstFP@xia=\count277
\pstFP@xib=\count278
\pstFP@xfa=\count279
\pstFP@xfb=\count280
\pstFP@rega=\count281
\pstFP@regb=\count282
\pstFP@regs=\count283
\pstFP@times=\count284
)
(/usr/share/texlive/texmf-dist/tex/latex/pgf/utilities/pgffor.sty
(/usr/share/texlive/texmf-dist/tex/latex/pgf/utilities/pgfrcs.sty
(/usr/share/texlive/texmf-dist/tex/generic/pgf/utilities/pgfutil-common.tex
\pgfutil@everybye=\toks26
\pgfutil@tempdima=\dimen160
\pgfutil@tempdimb=\dimen161
)
(/usr/share/texlive/texmf-dist/tex/generic/pgf/utilities/pgfutil-latex.def
\pgfutil@abb=\box53
)
(/usr/share/texlive/texmf-dist/tex/generic/pgf/utilities/pgfrcs.code.tex
(/usr/share/texlive/texmf-dist/tex/generic/pgf/pgf.revision.tex)
Package: pgfrcs 2023-01-15 v3.1.10 (3.1.10)
))
(/usr/share/texlive/texmf-dist/tex/latex/pgf/utilities/pgfkeys.sty
(/usr/share/texlive/texmf-dist/tex/generic/pgf/utilities/pgfkeys.code.tex
\pgfkeys@pathtoks=\toks27
\pgfkeys@temptoks=\toks28

(/usr/share/texlive/texmf-dist/tex/generic/pgf/utilities/pgfkeyslibraryfiltered
.code.tex
\pgfkeys@tmptoks=\toks29
))) (/usr/share/texlive/texmf-dist/tex/latex/pgf/math/pgfmath.sty
(/usr/share/texlive/texmf-dist/tex/generic/pgf/math/pgfmath.code.tex
(/usr/share/texlive/texmf-dist/tex/generic/pgf/math/pgfmathutil.code.tex
\pgf@x=\dimen162
\pgf@xa=\dimen163
\pgf@xb=\dimen164
\pgf@xc=\dimen165
\pgf@y=\dimen166
\pgf@ya=\dimen167
\pgf@yb=\dimen168
\pgf@yc=\dimen169
\c@pgf@counta=\count285
\c@pgf@countb=\count286
\c@pgf@countc=\count287
\c@pgf@countd=\count288
)
(/usr/share/texlive/texmf-dist/tex/generic/pgf/math/pgfmathparser.code.tex
\pgfmath@dimen=\dimen170
\pgfmath@count=\count289
\pgfmath@box=\box54
\pgfmath@toks=\toks30
\pgfmath@stack@operand=\toks31
\pgfmath@stack@operation=\toks32
)
(/usr/share/texlive/texmf-dist/tex/generic/pgf/math/pgfmathfunctions.code.tex)
(/usr/share/texlive/texmf-dist/tex/generic/pgf/math/pgfmathfunctions.basic.code
.tex)
(/usr/share/texlive/texmf-dist/tex/generic/pgf/math/pgfmathfunctions.trigonomet
ric.code.tex)
(/usr/share/texlive/texmf-dist/tex/generic/pgf/math/pgfmathfunctions.random.cod
e.tex)
(/usr/share/texlive/texmf-dist/tex/generic/pgf/math/pgfmathfunctions.comparison
.code.tex)
(/usr/share/texlive/texmf-dist/tex/generic/pgf/math/pgfmathfunctions.base.code.
tex)
(/usr/share/texlive/texmf-dist/tex/generic/pgf/math/pgfmathfunctions.round.code
.tex)
(/usr/share/texlive/texmf-dist/tex/generic/pgf/math/pgfmathfunctions.misc.code.
tex)
(/usr/share/texlive/texmf-dist/tex/generic/pgf/math/pgfmathfunctions.integerari
thmetics.code.tex)
(/usr/share/texlive/texmf-dist/tex/generic/pgf/math/pgfmathcalc.code.tex)
(/usr/share/texlive/texmf-dist/tex/generic/pgf/math/pgfmathfloat.code.tex
\c@pgfmathroundto@lastzeros=\count290
)))
(/usr/share/texlive/texmf-dist/tex/generic/pgf/utilities/pgffor.code.tex
Package: pgffor 2023-01-15 v3.1.10 (3.1.10)
\pgffor@iter=\dimen171
\pgffor@skip=\dimen172
\pgffor@stack=\toks33
\pgffor@toks=\toks34
))
\psLoopIndex=\count291

`PSTricks' v3.18  <2022/11/28> (tvz,hv)
\pst@dima=\dimen173
\pst@dimb=\dimen174
\pst@dimc=\dimen175
\pst@dimd=\dimen176
\pst@dimg=\dimen177
\pst@dimh=\dimen178
\pst@dimm=\dimen179
\pst@dimn=\dimen180
\pst@dimo=\dimen181
\pst@dimp=\dimen182
\pst@hbox=\box55
\pst@ibox=\box56
\pst@boxg=\box57
\pst@cnta=\count292
\pst@cntb=\count293
\pst@cntc=\count294
\pst@cntd=\count295
\pst@cntg=\count296
\pst@cnth=\count297
\pst@cntm=\count298
\pst@cntn=\count299
\pst@cnto=\count300
\pst@cntp=\count301
\@zero=\count302
\pst@toks=\toks35
--- We are running latex or xelatex ---
(/usr/share/texlive/texmf-dist/tex/generic/pstricks/pstricks.con)
(/usr/share/texlive/texmf-dist/tex/generic/pstricks/pstricks-color.tex)
\psunit=\dimen183
\psxunit=\dimen184
\psyunit=\dimen185
\pst@C@@rType=\count303
\pslinewidth=\dimen186
\psk@startLW=\dimen187
\psk@endLW=\dimen188

(/usr/share/texlive/texmf-dist/tex/generic/pstricks/pstricks-arrows.tex
\pshooklength=\dimen189
\pshookwidth=\dimen190
)
\pst@customdefs=\toks36

(/usr/share/texlive/texmf-dist/tex/generic/pstricks/pstricks-dots.tex)
\pslinearc=\dimen191
\pst@symbolStep=\dimen192
\pst@symbolWidth=\dimen193
\pst@symbolLinewidth=\dimen194
\everypsbox=\toks37
\psframesep=\dimen195
\pslabelsep=\dimen196
\sh@wgridXunit=\dimen197
\sh@wgridYunit=\dimen198
\pst@shift=\dimen199
\ps@imagectr=\count304

(/usr/share/texlive/texmf-dist/tex/generic/pstricks/pstricks.con))
File: pstricks.tex 2022/11/28 v3.18 `PSTricks' (tvz,hv)

(/usr/share/texlive/texmf-dist/tex/generic/pstricks/pst-fp.tex
`pst-fp' v0.06, 2020/11/20 (hv))
File: pst-fp.tex 2020/11/20 v0.06 `PST-fp' (hv)
)
(/usr/share/texlive/texmf-dist/tex/latex/pgf/frontendlayer/tikz.sty
(/usr/share/texlive/texmf-dist/tex/latex/pgf/basiclayer/pgf.sty
Package: pgf 2023-01-15 v3.1.10 (3.1.10)

(/usr/share/texlive/texmf-dist/tex/latex/pgf/basiclayer/pgfcore.sty
(/usr/share/texlive/texmf-dist/tex/latex/pgf/systemlayer/pgfsys.sty
(/usr/share/texlive/texmf-dist/tex/generic/pgf/systemlayer/pgfsys.code.tex
Package: pgfsys 2023-01-15 v3.1.10 (3.1.10)
\pgf@x=\dimen256
\pgf@y=\dimen257
\pgf@xa=\dimen258
\pgf@ya=\dimen259
\pgf@xb=\dimen260
\pgf@yb=\dimen261
\pgf@xc=\dimen262
\pgf@yc=\dimen263
\pgf@xd=\dimen264
\pgf@yd=\dimen265
\w@pgf@writea=\write3
\r@pgf@reada=\read2
\c@pgf@counta=\count305
\c@pgf@countb=\count306
\c@pgf@countc=\count307
\c@pgf@countd=\count308
\t@pgf@toka=\toks38
\t@pgf@tokb=\toks39
\t@pgf@tokc=\toks40
\pgf@sys@id@count=\count309

(/usr/share/texlive/texmf-dist/tex/generic/pgf/systemlayer/pgf.cfg
File: pgf.cfg 2023-01-15 v3.1.10 (3.1.10)
)
Driver file for pgf: pgfsys-pdftex.def

(/usr/share/texlive/texmf-dist/tex/generic/pgf/systemlayer/pgfsys-pdftex.def
File: pgfsys-pdftex.def 2023-01-15 v3.1.10 (3.1.10)

(/usr/share/texlive/texmf-dist/tex/generic/pgf/systemlayer/pgfsys-common-pdf.de
f
File: pgfsys-common-pdf.def 2023-01-15 v3.1.10 (3.1.10)
)))
(/usr/share/texlive/texmf-dist/tex/generic/pgf/systemlayer/pgfsyssoftpath.code.
tex
File: pgfsyssoftpath.code.tex 2023-01-15 v3.1.10 (3.1.10)
\pgfsyssoftpath@smallbuffer@items=\count310
\pgfsyssoftpath@bigbuffer@items=\count311
)
(/usr/share/texlive/texmf-dist/tex/generic/pgf/systemlayer/pgfsysprotocol.code.
tex
File: pgfsysprotocol.code.tex 2023-01-15 v3.1.10 (3.1.10)
))
(/usr/share/texlive/texmf-dist/tex/generic/pgf/basiclayer/pgfcore.code.tex
Package: pgfcore 2023-01-15 v3.1.10 (3.1.10)

(/usr/share/texlive/texmf-dist/tex/generic/pgf/math/pgfint.code.tex)
(/usr/share/texlive/texmf-dist/tex/generic/pgf/basiclayer/pgfcorepoints.code.te
x
File: pgfcorepoints.code.tex 2023-01-15 v3.1.10 (3.1.10)
\pgf@picminx=\dimen266
\pgf@picmaxx=\dimen267
\pgf@picminy=\dimen268
\pgf@picmaxy=\dimen269
\pgf@pathminx=\dimen270
\pgf@pathmaxx=\dimen271
\pgf@pathminy=\dimen272
\pgf@pathmaxy=\dimen273
\pgf@xx=\dimen274
\pgf@xy=\dimen275
\pgf@yx=\dimen276
\pgf@yy=\dimen277
\pgf@zx=\dimen278
\pgf@zy=\dimen279
)
(/usr/share/texlive/texmf-dist/tex/generic/pgf/basiclayer/pgfcorepathconstruct.
code.tex
File: pgfcorepathconstruct.code.tex 2023-01-15 v3.1.10 (3.1.10)
\pgf@path@lastx=\dimen280
\pgf@path@lasty=\dimen281
)
(/usr/share/texlive/texmf-dist/tex/generic/pgf/basiclayer/pgfcorepathusage.code
.tex
File: pgfcorepathusage.code.tex 2023-01-15 v3.1.10 (3.1.10)
\pgf@shorten@end@additional=\dimen282
\pgf@shorten@start@additional=\dimen283
)
(/usr/share/texlive/texmf-dist/tex/generic/pgf/basiclayer/pgfcorescopes.code.te
x
File: pgfcorescopes.code.tex 2023-01-15 v3.1.10 (3.1.10)
\pgfpic=\box58
\pgf@hbox=\box59
\pgf@layerbox@main=\box60
\pgf@picture@serial@count=\count312
)
(/usr/share/texlive/texmf-dist/tex/generic/pgf/basiclayer/pgfcoregraphicstate.c
ode.tex
File: pgfcoregraphicstate.code.tex 2023-01-15 v3.1.10 (3.1.10)
\pgflinewidth=\dimen284
)
(/usr/share/texlive/texmf-dist/tex/generic/pgf/basiclayer/pgfcoretransformation
s.code.tex
File: pgfcoretransformations.code.tex 2023-01-15 v3.1.10 (3.1.10)
\pgf@pt@x=\dimen285
\pgf@pt@y=\dimen286
\pgf@pt@temp=\dimen287
)
(/usr/share/texlive/texmf-dist/tex/generic/pgf/basiclayer/pgfcorequick.code.tex
File: pgfcorequick.code.tex 2023-01-15 v3.1.10 (3.1.10)
)
(/usr/share/texlive/texmf-dist/tex/generic/pgf/basiclayer/pgfcoreobjects.code.t
ex
File: pgfcoreobjects.code.tex 2023-01-15 v3.1.10 (3.1.10)
)
(/usr/share/texlive/texmf-dist/tex/generic/pgf/basiclayer/pgfcorepathprocessing
.code.tex
File: pgfcorepathprocessing.code.tex 2023-01-15 v3.1.10 (3.1.10)
)
(/usr/share/texlive/texmf-dist/tex/generic/pgf/basiclayer/pgfcorearrows.code.te
x
File: pgfcorearrows.code.tex 2023-01-15 v3.1.10 (3.1.10)
\pgfarrowsep=\dimen288
)
(/usr/share/texlive/texmf-dist/tex/generic/pgf/basiclayer/pgfcoreshade.code.tex
File: pgfcoreshade.code.tex 2023-01-15 v3.1.10 (3.1.10)
\pgf@max=\dimen289
\pgf@sys@shading@range@num=\count313
\pgf@shadingcount=\count314
)
(/usr/share/texlive/texmf-dist/tex/generic/pgf/basiclayer/pgfcoreimage.code.tex
File: pgfcoreimage.code.tex 2023-01-15 v3.1.10 (3.1.10)
)
(/usr/share/texlive/texmf-dist/tex/generic/pgf/basiclayer/pgfcoreexternal.code.
tex
File: pgfcoreexternal.code.tex 2023-01-15 v3.1.10 (3.1.10)
\pgfexternal@startupbox=\box61
)
(/usr/share/texlive/texmf-dist/tex/generic/pgf/basiclayer/pgfcorelayers.code.te
x
File: pgfcorelayers.code.tex 2023-01-15 v3.1.10 (3.1.10)
)
(/usr/share/texlive/texmf-dist/tex/generic/pgf/basiclayer/pgfcoretransparency.c
ode.tex
File: pgfcoretransparency.code.tex 2023-01-15 v3.1.10 (3.1.10)
)
(/usr/share/texlive/texmf-dist/tex/generic/pgf/basiclayer/pgfcorepatterns.code.
tex
File: pgfcorepatterns.code.tex 2023-01-15 v3.1.10 (3.1.10)
)
(/usr/share/texlive/texmf-dist/tex/generic/pgf/basiclayer/pgfcorerdf.code.tex
File: pgfcorerdf.code.tex 2023-01-15 v3.1.10 (3.1.10)
)))
(/usr/share/texlive/texmf-dist/tex/generic/pgf/modules/pgfmoduleshapes.code.tex
File: pgfmoduleshapes.code.tex 2023-01-15 v3.1.10 (3.1.10)
\pgfnodeparttextbox=\box62
) (/usr/share/texlive/texmf-dist/tex/generic/pgf/modules/pgfmoduleplot.code.tex
File: pgfmoduleplot.code.tex 2023-01-15 v3.1.10 (3.1.10)
)
(/usr/share/texlive/texmf-dist/tex/latex/pgf/compatibility/pgfcomp-version-0-65
.sty
Package: pgfcomp-version-0-65 2023-01-15 v3.1.10 (3.1.10)
\pgf@nodesepstart=\dimen290
\pgf@nodesepend=\dimen291
)
(/usr/share/texlive/texmf-dist/tex/latex/pgf/compatibility/pgfcomp-version-1-18
.sty
Package: pgfcomp-version-1-18 2023-01-15 v3.1.10 (3.1.10)
))
(/usr/share/texlive/texmf-dist/tex/generic/pgf/frontendlayer/tikz/tikz.code.tex
Package: tikz 2023-01-15 v3.1.10 (3.1.10)

(/usr/share/texlive/texmf-dist/tex/generic/pgf/libraries/pgflibraryplothandlers
.code.tex
File: pgflibraryplothandlers.code.tex 2023-01-15 v3.1.10 (3.1.10)
\pgf@plot@mark@count=\count315
\pgfplotmarksize=\dimen292
)
\tikz@lastx=\dimen293
\tikz@lasty=\dimen294
\tikz@lastxsaved=\dimen295
\tikz@lastysaved=\dimen296
\tikz@lastmovetox=\dimen297
\tikz@lastmovetoy=\dimen298
\tikzleveldistance=\dimen299
\tikzsiblingdistance=\dimen300
\tikz@figbox=\box63
\tikz@figbox@bg=\box64
\tikz@tempbox=\box65
\tikz@tempbox@bg=\box66
\tikztreelevel=\count316
\tikznumberofchildren=\count317
\tikznumberofcurrentchild=\count318
\tikz@fig@count=\count319

(/usr/share/texlive/texmf-dist/tex/generic/pgf/modules/pgfmodulematrix.code.tex
File: pgfmodulematrix.code.tex 2023-01-15 v3.1.10 (3.1.10)
\pgfmatrixcurrentrow=\count320
\pgfmatrixcurrentcolumn=\count321
\pgf@matrix@numberofcolumns=\count322
)
\tikz@expandcount=\count323

(/usr/share/texlive/texmf-dist/tex/generic/pgf/frontendlayer/tikz/libraries/tik
zlibrarytopaths.code.tex
File: tikzlibrarytopaths.code.tex 2023-01-15 v3.1.10 (3.1.10)
)))
(/usr/share/texlive/texmf-dist/tex/latex/caption/caption.sty
Package: caption 2022/03/01 v3.6b Customizing captions (AR)

(/usr/share/texlive/texmf-dist/tex/latex/caption/caption3.sty
Package: caption3 2022/03/17 v2.3b caption3 kernel (AR)
\caption@tempdima=\dimen301
\captionmargin=\dimen302
\caption@leftmargin=\dimen303
\caption@rightmargin=\dimen304
\caption@width=\dimen305
\caption@indent=\dimen306
\caption@parindent=\dimen307
\caption@hangindent=\dimen308
Package caption Info: Standard document class detected.
)
\c@caption@flags=\count324
\c@continuedfloat=\count325
)
(/usr/share/texlive/texmf-dist/tex/latex/appendix/appendix.sty
Package: appendix 2020/02/08 v1.2c extra appendix facilities
\c@@pps=\count326
\c@@ppsavesec=\count327
\c@@ppsaveapp=\count328
)
(/usr/share/texlive/texmf-dist/tex/latex/wrapfig/wrapfig.sty
\wrapoverhang=\dimen309
\WF@size=\dimen310
\c@WF@wrappedlines=\count329
\WF@box=\box67
\WF@everypar=\toks41
Package: wrapfig 2003/01/31  v 3.6
)
(/usr/share/texlive/texmf-dist/tex/latex/enumitem/enumitem.sty
Package: enumitem 2019/06/20 v3.9 Customized lists
\labelindent=\skip53
\enit@outerparindent=\dimen311
\enit@toks=\toks42
\enit@inbox=\box68
\enit@count@id=\count330
\enitdp@description=\count331
)
\c@example=\count332
\c@exploration=\count333
\c@exercise=\count334

(/usr/share/texlive/texmf-dist/tex/latex/l3backend/l3backend-pdftex.def
File: l3backend-pdftex.def 2023-01-16 L3 backend support: PDF output (pdfTeX)
\l__color_backend_stack_int=\count335
\l__pdf_internal_box=\box69
)
(./main.aux)
\openout1 = `main.aux'.

LaTeX Font Info:    Checking defaults for OML/cmm/m/it on input line 70.
LaTeX Font Info:    ... okay on input line 70.
LaTeX Font Info:    Checking defaults for OMS/cmsy/m/n on input line 70.
LaTeX Font Info:    ... okay on input line 70.
LaTeX Font Info:    Checking defaults for OT1/cmr/m/n on input line 70.
LaTeX Font Info:    ... okay on input line 70.
LaTeX Font Info:    Checking defaults for T1/cmr/m/n on input line 70.
LaTeX Font Info:    ... okay on input line 70.
LaTeX Font Info:    Checking defaults for TS1/cmr/m/n on input line 70.
LaTeX Font Info:    ... okay on input line 70.
LaTeX Font Info:    Checking defaults for OMX/cmex/m/n on input line 70.
LaTeX Font Info:    ... okay on input line 70.
LaTeX Font Info:    Checking defaults for U/cmr/m/n on input line 70.
LaTeX Font Info:    ... okay on input line 70.

*geometry* driver: auto-detecting
*geometry* detected driver: pdftex
*geometry* verbose mode - [ preamble ] result:
* driver: pdftex
* paper: b5paper
* layout: <same size as paper>
* layoutoffset:(h,v)=(0.0pt,0.0pt)
* modes: twoside 
* h-part:(L,W,R)=(71.13188pt, 358.50473pt, 71.13188pt)
* v-part:(T,H,B)=(85.35826pt, 554.82875pt, 71.13188pt)
* \paperwidth=500.7685pt
* \paperheight=711.3189pt
* \textwidth=358.50473pt
* \textheight=554.82875pt
* \oddsidemargin=-1.1381pt
* \evensidemargin=-1.1381pt
* \topmargin=-16.97922pt
* \headheight=12.0pt
* \headsep=18.06749pt
* \topskip=10.0pt
* \footskip=25.29494pt
* \marginparwidth=57.0pt
* \marginparsep=7.0pt
* \columnsep=10.0pt
* \skip\footins=9.0pt plus 4.0pt minus 2.0pt
* \hoffset=0.0pt
* \voffset=0.0pt
* \mag=1000
* \@twocolumnfalse
* \@twosidetrue
* \@mparswitchtrue
* \@reversemarginfalse
* (1in=72.27pt=25.4mm, 1cm=28.453pt)

(/usr/share/texlive/texmf-dist/tex/context/base/mkii/supp-pdf.mkii
[Loading MPS to PDF converter (version 2006.09.02).]
\scratchcounter=\count336
\scratchdimen=\dimen312
\scratchbox=\box70
\nofMPsegments=\count337
\nofMParguments=\count338
\everyMPshowfont=\toks43
\MPscratchCnt=\count339
\MPscratchDim=\dimen313
\MPnumerator=\count340
\makeMPintoPDFobject=\count341
\everyMPtoPDFconversion=\toks44
) (/usr/share/texlive/texmf-dist/tex/latex/epstopdf-pkg/epstopdf-base.sty
Package: epstopdf-base 2020-01-24 v2.11 Base part for package epstopdf
Package epstopdf-base Info: Redefining graphics rule for `.eps' on input line 4
85.

(/usr/share/texlive/texmf-dist/tex/latex/latexconfig/epstopdf-sys.cfg
File: epstopdf-sys.cfg 2010/07/13 v1.3 Configuration of (r)epstopdf for TeX Liv
e
))
Package caption Info: Begin \AtBeginDocument code.
Package caption Info: wrapfig package is loaded.
Package caption Info: End \AtBeginDocument code.
LaTeX Font Info:    Trying to load font information for U+msa on input line 71.


(/usr/share/texlive/texmf-dist/tex/latex/amsfonts/umsa.fd
File: umsa.fd 2013/01/14 v3.01 AMS symbols A
)
LaTeX Font Info:    Trying to load font information for U+msb on input line 71.


(/usr/share/texlive/texmf-dist/tex/latex/amsfonts/umsb.fd
File: umsb.fd 2013/01/14 v3.01 AMS symbols B
)
LaTeX Font Info:    Trying to load font information for U+rsfs on input line 71
.

(/usr/share/texlive/texmf-dist/tex/latex/jknapltx/ursfs.fd
File: ursfs.fd 1998/03/24 rsfs font definition file (jk)
) [1
Non-PDF special ignored!
<special> header=pstricks.pro
Non-PDF special ignored!
<special> header=pst-algparser.pro
Non-PDF special ignored!
<special> header=pst-tools.pro
Non-PDF special ignored!
<special> header=pst-dots.pro

Non-PDF special ignored!
<special> ps: /pssetRGBcolor /setrgbcolor load def /pssetCMYKcolor /setcmyk...
Non-PDF special ignored!
<special> ps:tx@Dict begin  gsave STV CP T /ps@rot 0 def grestore  end
Non-PDF special ignored!
<special> ps:tx@Dict begin  gsave STV CP T /ps@refangle 0.  def grestore  e...

{/var/lib/texmf/fonts/map/pdftex/updmap/pdftex.map}] (./preface.tex) [2]
(./main.toc)
\tf@toc=\write4
\openout4 = `main.toc'.

 [3


] [4

]
Chapter 1.
(./intro.tex
<figs/fluxIllustration.pdf, id=27, 392.9196pt x 130.62598pt>
File: figs/fluxIllustration.pdf Graphic file (type pdf)
<use figs/fluxIllustration.pdf>
Package pdftex.def Info: figs/fluxIllustration.pdf  used on input line 18.
(pdftex.def)             Requested size: 196.4593pt x 65.31282pt.
 [5 <./figs/fluxIllustration.pdf>] [6] [7]
Package epstopdf Info: Source file: <figs/poiseuille.eps>
(epstopdf)                    date: 2024-06-09 20:14:05
(epstopdf)                    size: 11937 bytes
(epstopdf)             Output file: <figs/poiseuille-eps-converted-to.pdf>
(epstopdf)                    date: 2024-06-09 20:15:17
(epstopdf)                    size: 8314 bytes
(epstopdf)             Command: <repstopdf --outfile=figs/poiseuille-eps-conver
ted-to.pdf figs/poiseuille.eps>
(epstopdf)             \includegraphics on input line 189.
Package epstopdf Info: Output file is already uptodate.
<figs/poiseuille-eps-converted-to.pdf, id=67, 428.60126pt x 563.10374pt>
File: figs/poiseuille-eps-converted-to.pdf Graphic file (type pdf)
<use figs/poiseuille-eps-converted-to.pdf>
Package pdftex.def Info: figs/poiseuille-eps-converted-to.pdf  used on input li
ne 189.
(pdftex.def)             Requested size: 107.5525pt x 141.29971pt.
 [8 <./figs/poiseuille-eps-converted-to.pdf>]
<figs/turingIllustration.pdf, id=80, 541.1243pt x 154.93993pt>
File: figs/turingIllustration.pdf Graphic file (type pdf)
<use figs/turingIllustration.pdf>
Package pdftex.def Info: figs/turingIllustration.pdf  used on input line 258.
(pdftex.def)             Requested size: 324.67708pt x 92.96466pt.
<figs/petri-dish-bacteria-growth.jpg, id=81, 351.3125pt x 351.3125pt>
File: figs/petri-dish-bacteria-growth.jpg Graphic file (type jpg)
<use figs/petri-dish-bacteria-growth.jpg>
Package pdftex.def Info: figs/petri-dish-bacteria-growth.jpg  used on input lin
e 281.
(pdftex.def)             Requested size: 107.5525pt x 107.54951pt.
 [9 <./figs/turingIllustration.pdf>] [10 <./figs/petri-dish-bacteria-growth.jpg
>] [11]) [12]
Chapter 2.
(./stst.tex [13

] [14] [15]
Package epstopdf Info: Source file: <figs/solutionEx4.eps>
(epstopdf)                    date: 2023-08-04 10:53:46
(epstopdf)                    size: 16773 bytes
(epstopdf)             Output file: <figs/solutionEx4-eps-converted-to.pdf>
(epstopdf)                    date: 2023-08-04 10:53:58
(epstopdf)                    size: 8845 bytes
(epstopdf)             Command: <repstopdf --outfile=figs/solutionEx4-eps-conve
rted-to.pdf figs/solutionEx4.eps>
(epstopdf)             \includegraphics on input line 156.
Package epstopdf Info: Output file is already uptodate.
<figs/solutionEx4-eps-converted-to.pdf, id=118, 397.485pt x 520.94624pt>
File: figs/solutionEx4-eps-converted-to.pdf Graphic file (type pdf)
<use figs/solutionEx4-eps-converted-to.pdf>
Package pdftex.def Info: figs/solutionEx4-eps-converted-to.pdf  used on input l
ine 156.
(pdftex.def)             Requested size: 125.47884pt x 164.44868pt.
 [16 <./figs/solutionEx4-eps-converted-to.pdf>]
Underfull \hbox (badness 10000) in paragraph at lines 220--221

 []

[17] [18]
Underfull \hbox (badness 10000) in paragraph at lines 350--352

 []

[19] [20]

Package wrapfig Warning: wrapfigure used inside a conflicting environment on in
put line 474.

Package epstopdf Info: Source file: <figs/perturb_one.eps>
(epstopdf)                    date: 2023-08-04 11:08:29
(epstopdf)                    size: 14203 bytes
(epstopdf)             Output file: <figs/perturb_one-eps-converted-to.pdf>
(epstopdf)                    date: 2023-08-04 11:08:54
(epstopdf)                    size: 9162 bytes
(epstopdf)             Command: <repstopdf --outfile=figs/perturb_one-eps-conve
rted-to.pdf figs/perturb_one.eps>
(epstopdf)             \includegraphics on input line 475.
Package epstopdf Info: Output file is already uptodate.
<figs/perturb_one-eps-converted-to.pdf, id=144, 410.53375pt x 511.9125pt>
File: figs/perturb_one-eps-converted-to.pdf Graphic file (type pdf)
<use figs/perturb_one-eps-converted-to.pdf>
Package pdftex.def Info: figs/perturb_one-eps-converted-to.pdf  used on input l
ine 475.
(pdftex.def)             Requested size: 125.47884pt x 156.46506pt.
[21 <./figs/perturb_one-eps-converted-to.pdf>] [22]
Underfull \hbox (badness 10000) in paragraph at lines 621--622

 []

[23]
<biopore.pdf, id=167, 450.64708pt x 370.15163pt>
File: biopore.pdf Graphic file (type pdf)
<use biopore.pdf>
Package pdftex.def Info: biopore.pdf  used on input line 663.
(pdftex.def)             Requested size: 180.25563pt x 148.05801pt.
 [24 <./biopore.pdf>] [25]
Package epstopdf Info: Source file: <figs/chemotaxis.eps>
(epstopdf)                    date: 2024-07-29 16:05:01
(epstopdf)                    size: 17674 bytes
(epstopdf)             Output file: <figs/chemotaxis-eps-converted-to.pdf>
(epstopdf)                    date: 2024-07-29 16:06:01
(epstopdf)                    size: 9844 bytes
(epstopdf)             Command: <repstopdf --outfile=figs/chemotaxis-eps-conver
ted-to.pdf figs/chemotaxis.eps>
(epstopdf)             \includegraphics on input line 756.
Package epstopdf Info: Output file is already uptodate.
<figs/chemotaxis-eps-converted-to.pdf, id=193, 420.57124pt x 497.86pt>
File: figs/chemotaxis-eps-converted-to.pdf Graphic file (type pdf)
<use figs/chemotaxis-eps-converted-to.pdf>
Package pdftex.def Info: figs/chemotaxis-eps-converted-to.pdf  used on input li
ne 756.
(pdftex.def)             Requested size: 125.47884pt x 148.5387pt.

Underfull \hbox (badness 10000) in paragraph at lines 797--799

 []

[26 <./figs/chemotaxis-eps-converted-to.pdf>]) [27] [28

]
Chapter 3.
(./diff.tex
Package epstopdf Info: Source file: <figs/sawtooth.eps>
(epstopdf)                    date: 2023-08-10 11:29:03
(epstopdf)                    size: 14898 bytes
(epstopdf)             Output file: <figs/sawtooth-eps-converted-to.pdf>
(epstopdf)                    date: 2023-08-10 11:29:25
(epstopdf)                    size: 9651 bytes
(epstopdf)             Command: <repstopdf --outfile=figs/sawtooth-eps-converte
d-to.pdf figs/sawtooth.eps>
(epstopdf)             \includegraphics on input line 19.
Package epstopdf Info: Output file is already uptodate.
<figs/sawtooth-eps-converted-to.pdf, id=216, 417.56pt x 521.95pt>
File: figs/sawtooth-eps-converted-to.pdf Graphic file (type pdf)
<use figs/sawtooth-eps-converted-to.pdf>
Package pdftex.def Info: figs/sawtooth-eps-converted-to.pdf  used on input line
 19.
(pdftex.def)             Requested size: 125.47884pt x 156.84901pt.
 [29 <./figs/sawtooth-eps-converted-to.pdf>] [30] [31]
Overfull \hbox (37.66974pt too wide) in alignment at lines 182--186
 [][][] []
 []

[32] [33]
Package epstopdf Info: Source file: <figs/fouriersawtooth.eps>
(epstopdf)                    date: 2023-08-07 16:46:14
(epstopdf)                    size: 55864 bytes
(epstopdf)             Output file: <figs/fouriersawtooth-eps-converted-to.pdf>

(epstopdf)                    date: 2023-08-07 16:47:00
(epstopdf)                    size: 26269 bytes
(epstopdf)             Command: <repstopdf --outfile=figs/fouriersawtooth-eps-c
onverted-to.pdf figs/fouriersawtooth.eps>
(epstopdf)             \includegraphics on input line 293.
Package epstopdf Info: Output file is already uptodate.
<figs/fouriersawtooth-eps-converted-to.pdf, id=242, 410.53375pt x 578.16pt>
File: figs/fouriersawtooth-eps-converted-to.pdf Graphic file (type pdf)
<use figs/fouriersawtooth-eps-converted-to.pdf>
Package pdftex.def Info: figs/fouriersawtooth-eps-converted-to.pdf  used on inp
ut line 293.
(pdftex.def)             Requested size: 125.47884pt x 176.71347pt.
 [34 <./figs/fouriersawtooth-eps-converted-to.pdf>]
Package epstopdf Info: Source file: <figs/remainderFourier.eps>
(epstopdf)                    date: 2023-08-07 16:59:45
(epstopdf)                    size: 27759 bytes
(epstopdf)             Output file: <figs/remainderFourier-eps-converted-to.pdf
>
(epstopdf)                    date: 2023-08-07 17:22:54
(epstopdf)                    size: 13671 bytes
(epstopdf)             Command: <repstopdf --outfile=figs/remainderFourier-eps-
converted-to.pdf figs/remainderFourier.eps>
(epstopdf)             \includegraphics on input line 345.
Package epstopdf Info: Output file is already uptodate.
<figs/remainderFourier-eps-converted-to.pdf, id=256, 697.60625pt x 316.18124pt>

File: figs/remainderFourier-eps-converted-to.pdf Graphic file (type pdf)
<use figs/remainderFourier-eps-converted-to.pdf>
Package pdftex.def Info: figs/remainderFourier-eps-converted-to.pdf  used on in
put line 345.
(pdftex.def)             Requested size: 244.16583pt x 110.66508pt.

Underfull \hbox (badness 10000) in paragraph at lines 360--362

 []

[35 <./figs/remainderFourier-eps-converted-to.pdf>] [36] [37] [38]
Package epstopdf Info: Source file: <figs/diffDBC.eps>
(epstopdf)                    date: 2023-10-12 17:13:37
(epstopdf)                    size: 22358 bytes
(epstopdf)             Output file: <figs/diffDBC-eps-converted-to.pdf>
(epstopdf)                    date: 2023-10-12 17:15:27
(epstopdf)                    size: 11013 bytes
(epstopdf)             Command: <repstopdf --outfile=figs/diffDBC-eps-converted
-to.pdf figs/diffDBC.eps>
(epstopdf)             \includegraphics on input line 560.
Package epstopdf Info: Output file is already uptodate.
<figs/diffDBC-eps-converted-to.pdf, id=279, 431.6125pt x 574.145pt>
File: figs/diffDBC-eps-converted-to.pdf Graphic file (type pdf)
<use figs/diffDBC-eps-converted-to.pdf>
Package pdftex.def Info: figs/diffDBC-eps-converted-to.pdf  used on input line 
560.
(pdftex.def)             Requested size: 125.47884pt x 166.90953pt.
 [39 <./figs/diffDBC-eps-converted-to.pdf>]
Underfull \hbox (badness 10000) in paragraph at lines 618--619

 []

[40] [41] [42] [43] [44] [45]
Package epstopdf Info: Source file: <figs/diffunbounded.eps>
(epstopdf)                    date: 2024-09-04 05:35:38
(epstopdf)                    size: 74472 bytes
(epstopdf)             Output file: <figs/diffunbounded-eps-converted-to.pdf>
(epstopdf)                    date: 2024-09-04 05:38:09
(epstopdf)                    size: 17908 bytes
(epstopdf)             Command: <repstopdf --outfile=figs/diffunbounded-eps-con
verted-to.pdf figs/diffunbounded.eps>
(epstopdf)             \includegraphics on input line 928.
Package epstopdf Info: Output file is already uptodate.
<figs/diffunbounded-eps-converted-to.pdf, id=313, 418.56375pt x 511.9125pt>
File: figs/diffunbounded-eps-converted-to.pdf Graphic file (type pdf)
<use figs/diffunbounded-eps-converted-to.pdf>
Package pdftex.def Info: figs/diffunbounded-eps-converted-to.pdf  used on input
 line 928.
(pdftex.def)             Requested size: 125.47884pt x 153.45776pt.
 [46 <./figs/diffunbounded-eps-converted-to.pdf>]
Underfull \hbox (badness 10000) in paragraph at lines 953--954

 []

) [47] [48

]
Chapter 4.
(./rd.tex [49]
Underfull \hbox (badness 10000) in paragraph at lines 91--93

 []

[50]
<figs/IodateIodine.png, id=339, 634.37pt x 284.06125pt>
File: figs/IodateIodine.png Graphic file (type png)
<use figs/IodateIodine.png>
Package pdftex.def Info: figs/IodateIodine.png  used on input line 126.
(pdftex.def)             Requested size: 285.46385pt x 127.82637pt.


LaTeX Warning: `!h' float specifier changed to `!ht'.

[51]
Package epstopdf Info: Source file: <figs/FK-wavefront.eps>
(epstopdf)                    date: 2024-09-09 15:01:09
(epstopdf)                    size: 42210 bytes
(epstopdf)             Output file: <figs/FK-wavefront-eps-converted-to.pdf>
(epstopdf)                    date: 2024-09-09 15:05:12
(epstopdf)                    size: 11280 bytes
(epstopdf)             Command: <repstopdf --outfile=figs/FK-wavefront-eps-conv
erted-to.pdf figs/FK-wavefront.eps>
(epstopdf)             \includegraphics on input line 179.
Package epstopdf Info: Output file is already uptodate.
<figs/FK-wavefront-eps-converted-to.pdf, id=344, 718.685pt x 318.18875pt>
File: figs/FK-wavefront-eps-converted-to.pdf Graphic file (type pdf)
<use figs/FK-wavefront-eps-converted-to.pdf>
Package pdftex.def Info: figs/FK-wavefront-eps-converted-to.pdf  used on input 
line 179.
(pdftex.def)             Requested size: 287.4689pt x 127.27324pt.
 [52 <./figs/IodateIodine.png>] [53 <./figs/FK-wavefront-eps-converted-to.pdf>]
 [54]
Package epstopdf Info: Source file: <figs/minspeed.eps>
(epstopdf)                    date: 2024-09-09 20:14:57
(epstopdf)                    size: 28893 bytes
(epstopdf)             Output file: <figs/minspeed-eps-converted-to.pdf>
(epstopdf)                    date: 2024-09-09 20:15:07
(epstopdf)                    size: 11785 bytes
(epstopdf)             Command: <repstopdf --outfile=figs/minspeed-eps-converte
d-to.pdf figs/minspeed.eps>
(epstopdf)             \includegraphics on input line 304.
Package epstopdf Info: Output file is already uptodate.
<figs/minspeed-eps-converted-to.pdf, id=359, 427.5975pt x 348.30125pt>
File: figs/minspeed-eps-converted-to.pdf Graphic file (type pdf)
<use figs/minspeed-eps-converted-to.pdf>
Package pdftex.def Info: figs/minspeed-eps-converted-to.pdf  used on input line
 304.
(pdftex.def)             Requested size: 171.03596pt x 139.31802pt.
 [55 <./figs/minspeed-eps-converted-to.pdf>]
Package epstopdf Info: Source file: <figs/fku0.eps>
(epstopdf)                    date: 2024-09-09 20:50:09
(epstopdf)                    size: 11802 bytes
(epstopdf)             Output file: <figs/fku0-eps-converted-to.pdf>
(epstopdf)                    date: 2024-09-09 20:50:28
(epstopdf)                    size: 7586 bytes
(epstopdf)             Command: <repstopdf --outfile=figs/fku0-eps-converted-to
.pdf figs/fku0.eps>
(epstopdf)             \includegraphics on input line 352.
Package epstopdf Info: Output file is already uptodate.
<figs/fku0-eps-converted-to.pdf, id=375, 430.60875pt x 536.0025pt>
File: figs/fku0-eps-converted-to.pdf Graphic file (type pdf)
<use figs/fku0-eps-converted-to.pdf>
Package pdftex.def Info: figs/fku0-eps-converted-to.pdf  used on input line 352
.
(pdftex.def)             Requested size: 107.5525pt x 133.87761pt.
 [56 <./figs/fku0-eps-converted-to.pdf>]
Package epstopdf Info: Source file: <figs/twospecies.eps>
(epstopdf)                    date: 2024-09-10 11:30:20
(epstopdf)                    size: 14681 bytes
(epstopdf)             Output file: <figs/twospecies-eps-converted-to.pdf>
(epstopdf)                    date: 2024-09-10 19:44:42
(epstopdf)                    size: 6953 bytes
(epstopdf)             Command: <repstopdf --outfile=figs/twospecies-eps-conver
ted-to.pdf figs/twospecies.eps>
(epstopdf)             \includegraphics on input line 431.
Package epstopdf Info: Output file is already uptodate.
<figs/twospecies-eps-converted-to.pdf, id=392, 657.45625pt x 491.8375pt>
File: figs/twospecies-eps-converted-to.pdf Graphic file (type pdf)
<use figs/twospecies-eps-converted-to.pdf>
Package pdftex.def Info: figs/twospecies-eps-converted-to.pdf  used on input li
ne 431.
(pdftex.def)             Requested size: 197.23839pt x 147.55238pt.
 [57]
Overfull \hbox (12.53842pt too wide) in paragraph at lines 453--457
\OT1/cmr/m/n/10 As we seek real eigen-val-ues, the min-i-mum al-lowed speed is 
given by $\OML/cmm/m/it/10 s[] \OT1/cmr/m/n/10 = 2[]$.
 []


Underfull \hbox (badness 10000) in paragraph at lines 464--465

 []

[58 <./figs/twospecies-eps-converted-to.pdf>] [59]
Overfull \hbox (1.68378pt too wide) in paragraph at lines 560--565
[]\OT1/cmr/m/n/10 We will here ex-plore the Tur-ing struc-tures through the \OT
1/cmr/m/it/10 FitzHugh-Nagumo (FHN)
 []

[60]
Package epstopdf Info: Source file: <figs/fhnPhasePortrait.eps>
(epstopdf)                    date: 2023-09-18 15:20:26
(epstopdf)                    size: 334030 bytes
(epstopdf)             Output file: <figs/fhnPhasePortrait-eps-converted-to.pdf
>
(epstopdf)                    date: 2023-09-18 15:22:17
(epstopdf)                    size: 93872 bytes
(epstopdf)             Command: <repstopdf --outfile=figs/fhnPhasePortrait-eps-
converted-to.pdf figs/fhnPhasePortrait.eps>
(epstopdf)             \includegraphics on input line 648.
Package epstopdf Info: Output file is already uptodate.
<figs/fhnPhasePortrait-eps-converted-to.pdf, id=409, 664.4825pt x 327.2225pt>
File: figs/fhnPhasePortrait-eps-converted-to.pdf Graphic file (type pdf)
<use figs/fhnPhasePortrait-eps-converted-to.pdf>
Package pdftex.def Info: figs/fhnPhasePortrait-eps-converted-to.pdf  used on in
put line 648.
(pdftex.def)             Requested size: 299.01436pt x 147.24876pt.
 [61] [62 <./figs/fhnPhasePortrait-eps-converted-to.pdf>]
Overfull \hbox (1.04657pt too wide) in alignment at lines 739--750
 [][][] []
 []

[63]
Package epstopdf Info: Source file: <figs/dispersion.eps>
(epstopdf)                    date: 2023-10-04 15:56:19
(epstopdf)                    size: 15385 bytes
(epstopdf)             Output file: <figs/dispersion-eps-converted-to.pdf>
(epstopdf)                    date: 2023-10-04 16:06:33
(epstopdf)                    size: 10374 bytes
(epstopdf)             Command: <repstopdf --outfile=figs/dispersion-eps-conver
ted-to.pdf figs/dispersion.eps>
(epstopdf)             \includegraphics on input line 775.
Package epstopdf Info: Output file is already uptodate.
<figs/dispersion-eps-converted-to.pdf, id=429, 699.61375pt x 558.085pt>
File: figs/dispersion-eps-converted-to.pdf Graphic file (type pdf)
<use figs/dispersion-eps-converted-to.pdf>
Package pdftex.def Info: figs/dispersion-eps-converted-to.pdf  used on input li
ne 775.
(pdftex.def)             Requested size: 209.88574pt x 167.42679pt.
Package epstopdf Info: Source file: <figs/turingfhn.eps>
(epstopdf)                    date: 2023-09-26 14:24:46
(epstopdf)                    size: 16698 bytes
(epstopdf)             Output file: <figs/turingfhn-eps-converted-to.pdf>
(epstopdf)                    date: 2023-09-26 14:31:07
(epstopdf)                    size: 7557 bytes
(epstopdf)             Command: <repstopdf --outfile=figs/turingfhn-eps-convert
ed-to.pdf figs/turingfhn.eps>
(epstopdf)             \includegraphics on input line 797.
Package epstopdf Info: Output file is already uptodate.
<figs/turingfhn-eps-converted-to.pdf, id=430, 628.3475pt x 478.78876pt>
File: figs/turingfhn-eps-converted-to.pdf Graphic file (type pdf)
<use figs/turingfhn-eps-converted-to.pdf>
Package pdftex.def Info: figs/turingfhn-eps-converted-to.pdf  used on input lin
e 797.
(pdftex.def)             Requested size: 188.50569pt x 143.63773pt.
 [64 <./figs/dispersion-eps-converted-to.pdf>]
Underfull \hbox (badness 10000) in paragraph at lines 839--841

 []

[65 <./figs/turingfhn-eps-converted-to.pdf>]) [66]
Chapter 5.
(./fourier.tex
<figs/trapz.pdf, id=452, 284.98903pt x 156.65958pt>
File: figs/trapz.pdf Graphic file (type pdf)
<use figs/trapz.pdf>
Package pdftex.def Info: figs/trapz.pdf  used on input line 46.
(pdftex.def)             Requested size: 284.98833pt x 156.65918pt.


LaTeX Warning: `h' float specifier changed to `ht'.


Underfull \hbox (badness 10000) in paragraph at lines 60--62

 []

[67

]) (./ftcs.tex [68 <./figs/trapz.pdf>] [69]
Underfull \hbox (badness 10000) in paragraph at lines 147--149

 []

[70]) (./existence.tex [71]
Underfull \hbox (badness 10000) in paragraph at lines 75--77

 []

) [72] (./main.aux)

LaTeX Warning: Label(s) may have changed. Rerun to get cross-references right.

 ) 
Here is how much of TeX's memory you used:
 17875 strings out of 476794
 346927 string characters out of 5811716
 1866330 words of memory out of 5000000
 37707 multiletter control sequences out of 15000+600000
 526805 words of font info for 87 fonts, out of 8000000 for 9000
 833 hyphenation exceptions out of 8191
 79i,14n,117p,498b,562s stack positions out of 10000i,1000n,20000p,200000b,200000s
{/usr/share/texmf/fonts/enc/dvips/cm-super/cm-super-ts1.enc}</usr/share/texli
ve/texmf-dist/fonts/type1/public/amsfonts/cm/cmbsy10.pfb></usr/share/texlive/te
xmf-dist/fonts/type1/public/amsfonts/cm/cmbx10.pfb></usr/share/texlive/texmf-di
st/fonts/type1/public/amsfonts/cm/cmbx12.pfb></usr/share/texlive/texmf-dist/fon
ts/type1/public/amsfonts/cm/cmex10.pfb></usr/share/texlive/texmf-dist/fonts/typ
e1/public/amsfonts/cmextra/cmex7.pfb></usr/share/texlive/texmf-dist/fonts/type1
/public/amsfonts/cm/cmmi10.pfb></usr/share/texlive/texmf-dist/fonts/type1/publi
c/amsfonts/cm/cmmi5.pfb></usr/share/texlive/texmf-dist/fonts/type1/public/amsfo
nts/cm/cmmi7.pfb></usr/share/texlive/texmf-dist/fonts/type1/public/amsfonts/cm/
cmr10.pfb></usr/share/texlive/texmf-dist/fonts/type1/public/amsfonts/cm/cmr12.p
fb></usr/share/texlive/texmf-dist/fonts/type1/public/amsfonts/cm/cmr17.pfb></us
r/share/texlive/texmf-dist/fonts/type1/public/amsfonts/cm/cmr5.pfb></usr/share/
texlive/texmf-dist/fonts/type1/public/amsfonts/cm/cmr6.pfb></usr/share/texlive/
texmf-dist/fonts/type1/public/amsfonts/cm/cmr7.pfb></usr/share/texlive/texmf-di
st/fonts/type1/public/amsfonts/cm/cmr8.pfb></usr/share/texlive/texmf-dist/fonts
/type1/public/amsfonts/cm/cmsl10.pfb></usr/share/texlive/texmf-dist/fonts/type1
/public/amsfonts/cm/cmss10.pfb></usr/share/texlive/texmf-dist/fonts/type1/publi
c/amsfonts/cm/cmsy10.pfb></usr/share/texlive/texmf-dist/fonts/type1/public/amsf
onts/cm/cmsy5.pfb></usr/share/texlive/texmf-dist/fonts/type1/public/amsfonts/cm
/cmsy7.pfb></usr/share/texlive/texmf-dist/fonts/type1/public/amsfonts/cm/cmti10
.pfb></usr/share/texlive/texmf-dist/fonts/type1/public/amsfonts/cm/cmti8.pfb></
usr/share/texlive/texmf-dist/fonts/type1/public/amsfonts/symbols/msbm10.pfb></u
sr/share/texmf/fonts/type1/public/cm-super/sfrm1000.pfb>
Output written on main.pdf (72 pages, 1286333 bytes).
PDF statistics:
 596 PDF objects out of 1000 (max. 8388607)
 369 compressed objects within 4 object streams
 0 named destinations out of 1000 (max. 500000)
 123 words of extra memory for PDF output out of 10000 (max. 10000000)

